c:\users\takis\documents\uu\interactietech\opencv_tutorial\x64\debug\vc141.pdb
c:\users\takis\documents\uu\interactietech\opencv_tutorial\x64\debug\vc141.idb
c:\users\takis\documents\uu\interactietech\opencv_tutorial\x64\debug\helper.obj
c:\users\takis\documents\uu\interactietech\opencv_tutorial\x64\debug\video.obj
c:\users\takis\documents\uu\interactietech\opencv_tutorial\x64\debug\main.obj
c:\users\takis\documents\uu\interactietech\opencvass2\x64\debug\vc141.pdb
c:\users\takis\documents\uu\interactietech\opencvass2\x64\debug\vc141.idb
c:\users\takis\documents\uu\interactietech\opencvass2\x64\debug\helper.obj
c:\users\takis\documents\uu\interactietech\opencvass2\x64\debug\main.obj
c:\users\takis\documents\uu\interactietech\opencvass2\x64\debug\video.obj
c:\users\takis\documents\uu\interactietech\opencvass2\x64\debug\shape.obj
c:\users\takis\documents\uu\interactietech\opencvass2\x64\debug\skindetector.obj
c:\users\takis\documents\uu\interactietech\opencv_tutorial\x64\debug\opencvtut.exe
c:\users\takis\documents\uu\interactietech\opencv_tutorial\x64\debug\opencvtut.ilk
c:\users\takis\documents\uu\interactietech\opencv_tutorial\x64\debug\opencvtut.pdb
c:\users\takis\documents\uu\interactietech\opencvass2\x64\debug\opencvtut.exe
c:\users\takis\documents\uu\interactietech\opencvass2\x64\debug\opencvtut.ilk
c:\users\takis\documents\uu\interactietech\opencvass2\x64\debug\opencvtut.pdb
c:\users\takis\documents\uu\interactietech\opencvass2\x64\debug\opencvtut.tlog\cl.command.1.tlog
c:\users\takis\documents\uu\interactietech\opencvass2\x64\debug\opencvtut.tlog\cl.read.1.tlog
c:\users\takis\documents\uu\interactietech\opencvass2\x64\debug\opencvtut.tlog\cl.write.1.tlog
c:\users\takis\documents\uu\interactietech\opencvass2\x64\debug\opencvtut.tlog\link.command.1.tlog
c:\users\takis\documents\uu\interactietech\opencvass2\x64\debug\opencvtut.tlog\link.read.1.tlog
c:\users\takis\documents\uu\interactietech\opencvass2\x64\debug\opencvtut.tlog\link.write.1.tlog
